<?xml version="1.0" encoding="utf-8"?><testsuites name="pytest tests"><testsuite name="pytest" errors="0" failures="0" skipped="0" tests="111" time="0.866" timestamp="2026-07-13T02:53:05.751288+00:00" hostname="agent-env-397380f4-a0d8-4dcd-9307-3f5779c4c15d"><testcase classname="tests.test_bot_init_attributes" name="test_bot_has_telegram_attribute_after_construction" time="0.003" /><testcase classname="tests.test_bot_init_attributes" name="test_bot_startup_ping_does_not_crash_when_disabled" time="0.001" /><testcase classname="tests.test_bot_init_attributes" name="test_bot_has_all_init_tail_attributes" time="0.000" /><testcase classname="tests.test_execution_correctness" name="test_schema_has_new_contract_identity_columns" time="0.050" /><testcase classname="tests.test_execution_correctness" name="test_insert_trade_entry_persists_contract_identity" time="0.013" /><testcase classname="tests.test_execution_correctness" name="test_cancel_pending_commands_flips_all_pending_rows" time="0.009" /><testcase classname="tests.test_execution_correctness" name="test_cancel_pending_commands_is_idempotent_when_empty" time="0.009" /><testcase classname="tests.test_execution_correctness" name="test_profit_lock_completely_removed_no_shutdown_on_gain" time="0.000" /><testcase classname="tests.test_execution_correctness" name="test_loss_cap_still_fires" time="0.000" /><testcase classname="tests.test_execution_correctness" name="test_pnl_guard_constructor_no_longer_accepts_profit_lock" time="0.000" /><testcase classname="tests.test_execution_correctness" name="test_promote_to_open_carries_contract_identity" time="0.000" /><testcase classname="tests.test_execution_correctness" name="test_handle_fill_uses_avg_price_not_slot_price" time="0.010" /><testcase classname="tests.test_execution_correctness" name="test_handle_fill_falls_back_to_fill_price_when_avg_missing" time="0.028" /><testcase classname="tests.test_execution_correctness" name="test_handle_fill_aborts_when_both_prices_zero" time="0.009" /><testcase classname="tests.test_execution_correctness" name="test_manual_entry_calls_refresh_atm_before_picking_contract" time="0.010" /><testcase classname="tests.test_execution_correctness" name="test_place_entry_rest_ltp_fallback_when_ws_quote_missing" time="0.021" /><testcase classname="tests.test_execution_correctness" name="test_max_trades_daily_still_triggers_shutdown" time="0.000" /><testcase classname="tests.test_execution_correctness" name="test_refresh_atm_resubscribes_ws_on_token_change" time="0.010" /><testcase classname="tests.test_execution_correctness" name="test_refresh_atm_skips_resubscribe_when_tokens_unchanged" time="0.009" /><testcase classname="tests.test_execution_correctness" name="test_place_entry_seeds_last_option_quote_and_live_state" time="0.011" /><testcase classname="tests.test_execution_correctness" name="test_on_tick_ignores_option_ltp_when_token_doesnt_match_open_pos" time="0.009" /><testcase classname="tests.test_execution_correctness" name="test_ws_manager_health_shape" time="0.000" /><testcase classname="tests.test_execution_correctness" name="test_ws_manager_resubscribe_caches_tokens_when_socket_down" time="0.000" /><testcase classname="tests.test_execution_correctness" name="test_no_periodic_atm_refresh_attr_on_bot" time="0.001" /><testcase classname="tests.test_execution_correctness" name="test_refresh_atm_command_calls_refresh" time="0.010" /><testcase classname="tests.test_execution_correctness" name="test_promote_to_open_freezes_initial_sl_and_tp" time="0.000" /><testcase classname="tests.test_execution_correctness" name="test_maybe_trail_stop_increments_bump_counter" time="0.000" /><testcase classname="tests.test_execution_correctness" name="test_finalize_exit_uses_trailing_stop_label_when_bumped" time="0.018" /><testcase classname="tests.test_execution_correctness" name="test_finalize_exit_keeps_stop_loss_label_when_never_bumped" time="0.009" /><testcase classname="tests.test_execution_correctness" name="test_stale_quote_breaker_transitions_to_forced_exit" time="0.010" /><testcase classname="tests.test_execution_correctness" name="test_stale_quote_breaker_skips_when_disabled" time="0.009" /><testcase classname="tests.test_execution_correctness" name="test_live_position_snapshot_persists_and_restores_trail_anchor" time="0.008" /><testcase classname="tests.test_execution_correctness" name="test_timeline_logger_schema_and_write" time="0.029" /><testcase classname="tests.test_execution_correctness" name="test_timeline_logger_never_raises_on_bad_payload" time="0.010" /><testcase classname="tests.test_execution_correctness" name="test_timeline_rekey_session_reassigns_pre_fill_events" time="0.019" /><testcase classname="tests.test_execution_correctness" name="test_timeline_ordered_chronologically" time="0.034" /><testcase classname="tests.test_fsm" name="test_candle_series_rolls_on_interval" time="0.000" /><testcase classname="tests.test_fsm" name="test_regime_filter_long" time="0.000" /><testcase classname="tests.test_fsm" name="test_regime_filter_short" time="0.000" /><testcase classname="tests.test_fsm" name="test_regime_filter_undecided" time="0.000" /><testcase classname="tests.test_fsm" name="test_confirmation_passes_clean_long" time="0.000" /><testcase classname="tests.test_fsm" name="test_confirmation_fails_on_weak_adx_delta" time="0.000" /><testcase classname="tests.test_fsm" name="test_confirmation_fails_below_vwap" time="0.000" /><testcase classname="tests.test_fsm" name="test_liquidity_passes" time="0.000" /><testcase classname="tests.test_fsm" name="test_liquidity_fails_wide_spread" time="0.000" /><testcase classname="tests.test_fsm" name="test_liquidity_fails_low_volume" time="0.000" /><testcase classname="tests.test_fsm" name="test_pnl_guard_loss_breach" time="0.000" /><testcase classname="tests.test_fsm" name="test_pnl_guard_profit_never_breaches" time="0.000" /><testcase classname="tests.test_fsm" name="test_pnl_guard_no_breach_in_range" time="0.000" /><testcase classname="tests.test_fsm" name="test_single_position_lock" time="0.000" /><testcase classname="tests.test_fsm" name="test_directional_cooldown_after_stop" time="0.000" /><testcase classname="tests.test_fsm" name="test_trailing_stop_bumps_only_above_step" time="0.000" /><testcase classname="tests.test_fsm" name="test_manual_mode_percent_trail_step" time="0.001" /><testcase classname="tests.test_fsm" name="test_synthetic_exit_thresholds_fire_correctly" time="0.000" /><testcase classname="tests.test_fsm" name="test_breakers_only_use_trade_count_and_safety" time="0.000" /><testcase classname="tests.test_fsm" name="test_exit_reason_uses_hint_when_provided" time="0.000" /><testcase classname="tests.test_fsm" name="test_option_selector_prefers_tuesday_expiry" time="0.001" /><testcase classname="tests.test_fsm" name="test_option_selector_falls_back_when_no_tuesday" time="0.000" /><testcase classname="tests.test_fsm" name="test_indicator_strength_bands_reachable" time="0.000" /><testcase classname="tests.test_fsm" name="test_liquidity_penalty_median_of_last_three" time="0.000" /><testcase classname="tests.test_fsm" name="test_synthetic_ltp_median_smoothing_absorbs_single_spike" time="0.000" /><testcase classname="tests.test_position_sizer" name="test_base_lots_floors_to_min" time="0.010" /><testcase classname="tests.test_position_sizer" name="test_base_lots_grows_with_capital" time="0.007" /><testcase classname="tests.test_position_sizer" name="test_scale_multiplier_matrix" time="0.007" /><testcase classname="tests.test_position_sizer" name="test_full_sizing_no_drawdown" time="0.007" /><testcase classname="tests.test_position_sizer" name="test_drawdown_forces_floor" time="0.046" /><testcase classname="tests.test_position_sizer" name="test_max_lots_cap_enforced" time="0.007" /><testcase classname="tests.test_position_sizer" name="test_premium_spike_guard_reduces_lots" time="0.007" /><testcase classname="tests.test_position_sizer" name="test_premium_spike_guard_keeps_lots_when_safe" time="0.009" /><testcase classname="tests.test_position_sizer" name="test_atr_stops_match_multipliers" time="0.000" /><testcase classname="tests.test_smc_engine" name="test_empty_input_returns_neutral_with_awaiting_reason" time="0.000" /><testcase classname="tests.test_smc_engine" name="test_short_5m_no_swings_returns_zero_without_crash" time="0.000" /><testcase classname="tests.test_smc_engine" name="test_short_5m_zero_score_diagnostic_when_no_primitives" time="0.000" /><testcase classname="tests.test_smc_engine" name="test_notes_never_duplicated_on_neutral_tie" time="0.000" /><testcase classname="tests.test_smc_engine" name="test_reasons_stay_weight_only" time="0.001" /><testcase classname="tests.test_smc_engine" name="test_progressive_activation_no_15m_still_scores" time="0.000" /><testcase classname="tests.test_smc_engine" name="test_warmup_notes_absent_when_all_primitives_active" time="0.000" /><testcase classname="tests.test_smc_engine" name="test_htf_neutral_after_data_shows_distinct_label" time="0.000" /><testcase classname="tests.test_smc_engine" name="test_swing_window_default_is_five" time="0.000" /><testcase classname="tests.test_smc_engine" name="test_htf_trend_call_on_uptrend_structure" time="0.000" /><testcase classname="tests.test_smc_engine" name="test_htf_trend_neutral_on_flat" time="0.000" /><testcase classname="tests.test_smc_engine" name="test_structure_detects_hh_hl" time="0.000" /><testcase classname="tests.test_smc_engine" name="test_fvg_bullish_detected" time="0.000" /><testcase classname="tests.test_smc_engine" name="test_displacement_bull_when_body_exceeds_atr_mult" time="0.000" /><testcase classname="tests.test_smc_engine" name="test_displacement_requires_close_near_extreme" time="0.000" /><testcase classname="tests.test_smc_engine" name="test_order_block_bullish_via_displacement" time="0.000" /><testcase classname="tests.test_smc_engine" name="test_classify_strength_buckets" time="0.000" /><testcase classname="tests.test_smc_engine" name="test_evaluate_is_deterministic" time="0.001" /><testcase classname="tests.test_smc_engine" name="test_evaluate_confidence_bounded" time="0.011" /><testcase classname="tests.test_smc_engine" name="test_evaluate_ctx_exposes_structure_and_htf" time="0.001" /><testcase classname="tests.test_smc_engine" name="test_regime_classifier_returns_valid_label" time="0.000" /><testcase classname="tests.test_smc_engine" name="test_regime_attenuates_confidence_in_sideways" time="0.000" /><testcase classname="tests.test_smc_engine" name="test_liquidity_sweep_detects_within_recent_window" time="0.000" /><testcase classname="tests.test_smc_engine" name="test_liquidity_sweep_expires_after_window" time="0.000" /><testcase classname="tests.test_smc_engine" name="test_option_selector_near_otm_strike_math" time="0.000" /><testcase classname="tests.test_smc_engine" name="test_structure_last3_ignores_middle_anomaly" time="0.000" /><testcase classname="tests.test_smc_engine" name="test_structure_last3_falls_back_to_last2_when_scarce" time="0.000" /><testcase classname="tests.test_smc_engine" name="test_structure_last3_stays_neutral_on_flat_endpoints" time="0.000" /><testcase classname="tests.test_telegram_notifier" name="test_disabled_notifier_is_no_op" time="0.000" /><testcase classname="tests.test_telegram_notifier" name="test_missing_token_disables" time="0.000" /><testcase classname="tests.test_telegram_notifier" name="test_below_threshold_is_ignored" time="0.000" /><testcase classname="tests.test_telegram_notifier" name="test_at_and_above_threshold_fires" time="0.000" /><testcase classname="tests.test_telegram_notifier" name="test_neutral_direction_is_ignored" time="0.000" /><testcase classname="tests.test_telegram_notifier" name="test_dedup_identical_signal_no_second_alert" time="0.000" /><testcase classname="tests.test_telegram_notifier" name="test_confidence_change_fires_new_alert" time="0.000" /><testcase classname="tests.test_telegram_notifier" name="test_direction_flip_fires_new_alert" time="0.000" /><testcase classname="tests.test_telegram_notifier" name="test_ping_pong_alerts_every_time_direction_flips" time="0.000" /><testcase classname="tests.test_telegram_notifier" name="test_alert_below_threshold_does_not_clear_dedup_state" time="0.000" /><testcase classname="tests.test_telegram_notifier" name="test_startup_fires_exactly_once" time="0.000" /><testcase classname="tests.test_telegram_notifier" name="test_send_failure_does_not_advance_dedup_state" time="0.000" /><testcase classname="tests.test_telegram_notifier" name="test_message_contains_required_fields" time="0.000" /></testsuite></testsuites>